Change Component Description : Designator=GB1 Old Description=Li, MnO2 батарея типоразмера R20, 3В New Description=
Change component parameters: Designator = "C1" ("C1"); Footprint = "0607_ELECTR_CAP"; UniqueID = "\ADGOSMAU" ("\ADGOSMAU")
Change component parameters (AddParameter): Name = "Case"; Value = "0607"; VariantName = "[No Variations]"
Change component parameters (AddParameter): Name = "Dielectric"; Value = ""; VariantName = "[No Variations]"
Change component parameters (AddParameter): Name = "ESR"; Value = ""; VariantName = "[No Variations]"
Change component parameters (AddParameter): Name = "Power"; Value = ""; VariantName = "[No Variations]"
Change component parameters (AddParameter): Name = "Temp"; Value = ""; VariantName = "[No Variations]"
Change component parameters (AddParameter): Name = "Tolerance"; Value = "20%"; VariantName = "[No Variations]"
Change component parameters (AddParameter): Name = "URL"; Value = ""; VariantName = "[No Variations]"
Change component parameters (AddParameter): Name = "Value"; Value = "47мк"; VariantName = "[No Variations]"
Change component parameters (AddParameter): Name = "ValueDescription"; Value = "Конденсатор полярный 0607 47мкФ±20% 35 В"; VariantName = "[No Variations]"
Change component parameters (AddParameter): Name = "ValueManufacturer"; Value = ""; VariantName = "[No Variations]"
Change component parameters (AddParameter): Name = "ValueManufacturerPartNumber"; Value = ""; VariantName = "[No Variations]"
Change component parameters (AddParameter): Name = "ValueType"; Value = "Конденсатор полярный"; VariantName = "[No Variations]"
Change component parameters (AddParameter): Name = "Voltage"; Value = "35"; VariantName = "[No Variations]"
Change component parameters: Designator = "C2" ("C2"); Footprint = "0607_ELECTR_CAP"; UniqueID = "\JQMSGZZH" ("\JQMSGZZH")
Change component parameters (AddParameter): Name = "Case"; Value = "0607"; VariantName = "[No Variations]"
Change component parameters (AddParameter): Name = "Dielectric"; Value = ""; VariantName = "[No Variations]"
Change component parameters (AddParameter): Name = "ESR"; Value = ""; VariantName = "[No Variations]"
Change component parameters (AddParameter): Name = "Power"; Value = ""; VariantName = "[No Variations]"
Change component parameters (AddParameter): Name = "Temp"; Value = ""; VariantName = "[No Variations]"
Change component parameters (AddParameter): Name = "Tolerance"; Value = "20%"; VariantName = "[No Variations]"
Change component parameters (AddParameter): Name = "URL"; Value = ""; VariantName = "[No Variations]"
Change component parameters (AddParameter): Name = "Value"; Value = "47мк"; VariantName = "[No Variations]"
Change component parameters (AddParameter): Name = "ValueDescription"; Value = "Конденсатор полярный 0607 47мкФ±20% 35 В"; VariantName = "[No Variations]"
Change component parameters (AddParameter): Name = "ValueManufacturer"; Value = ""; VariantName = "[No Variations]"
Change component parameters (AddParameter): Name = "ValueManufacturerPartNumber"; Value = ""; VariantName = "[No Variations]"
Change component parameters (AddParameter): Name = "ValueType"; Value = "Конденсатор полярный"; VariantName = "[No Variations]"
Change component parameters (AddParameter): Name = "Voltage"; Value = "35"; VariantName = "[No Variations]"
Change component parameters: Designator = "HL1" ("HL1"); Footprint = "0603_LED_RED"; UniqueID = "\MOPOSQNW" ("\MOPOSQNW")
Change component parameters (AddParameter): Name = "Case"; Value = "0603"; VariantName = "[No Variations]"
Change component parameters (AddParameter): Name = "Temp"; Value = "-40C...+85C"; VariantName = "[No Variations]"
Change component parameters (AddParameter): Name = "URL"; Value = ""; VariantName = "[No Variations]"
Change component parameters (AddParameter): Name = "Value"; Value = "Красный"; VariantName = "[No Variations]"
Change component parameters (AddParameter): Name = "ValueDescription"; Value = "Светодиод FYLS-0603URC Каталог Foryard"; VariantName = "[No Variations]"
Change component parameters (AddParameter): Name = "ValueManufacturer"; Value = "Foryard"; VariantName = "[No Variations]"
Change component parameters (AddParameter): Name = "ValueManufacturerPartNumber"; Value = "FYLS-0603URC"; VariantName = "[No Variations]"
Change component parameters (AddParameter): Name = "ValueType"; Value = "Светодиод"; VariantName = "[No Variations]"
Change component parameters: Designator = "HL2" ("HL2"); Footprint = "0603_LED_RED"; UniqueID = "\GRHXDZEY" ("\GRHXDZEY")
Change component parameters (AddParameter): Name = "Case"; Value = "0603"; VariantName = "[No Variations]"
Change component parameters (AddParameter): Name = "Temp"; Value = "-40C...+85C"; VariantName = "[No Variations]"
Change component parameters (AddParameter): Name = "URL"; Value = ""; VariantName = "[No Variations]"
Change component parameters (AddParameter): Name = "Value"; Value = "Красный"; VariantName = "[No Variations]"
Change component parameters (AddParameter): Name = "ValueDescription"; Value = "Светодиод FYLS-0603URC Каталог Foryard"; VariantName = "[No Variations]"
Change component parameters (AddParameter): Name = "ValueManufacturer"; Value = "Foryard"; VariantName = "[No Variations]"
Change component parameters (AddParameter): Name = "ValueManufacturerPartNumber"; Value = "FYLS-0603URC"; VariantName = "[No Variations]"
Change component parameters (AddParameter): Name = "ValueType"; Value = "Светодиод"; VariantName = "[No Variations]"
Change component parameters: Designator = "R1" ("R1"); Footprint = "0603_RES"; UniqueID = "\GXKNRTYV" ("\GXKNRTYV")
Change component parameters (AddParameter): Name = "Case"; Value = "0603"; VariantName = "[No Variations]"
Change component parameters (AddParameter): Name = "Power"; Value = "0,1"; VariantName = "[No Variations]"
Change component parameters (AddParameter): Name = "Temp"; Value = ""; VariantName = "[No Variations]"
Change component parameters (AddParameter): Name = "Tolerance"; Value = "1%"; VariantName = "[No Variations]"
Change component parameters (AddParameter): Name = "URL"; Value = ""; VariantName = "[No Variations]"
Change component parameters (AddParameter): Name = "Value"; Value = "47к"; VariantName = "[No Variations]"
Change component parameters (AddParameter): Name = "ValueDescription"; Value = "Резистор 0603 47кОм ±1% 0,1 Вт"; VariantName = "[No Variations]"
Change component parameters (AddParameter): Name = "ValueManufacturer"; Value = ""; VariantName = "[No Variations]"
Change component parameters (AddParameter): Name = "ValueManufacturerPartNumber"; Value = "RC0603FR-0747KL"; VariantName = "[No Variations]"
Change component parameters (AddParameter): Name = "ValueType"; Value = "Резистор"; VariantName = "[No Variations]"
Change component parameters: Designator = "R2" ("R2"); Footprint = "0603_RES"; UniqueID = "\NVCMQAKM" ("\NVCMQAKM")
Change component parameters (AddParameter): Name = "Case"; Value = "0603"; VariantName = "[No Variations]"
Change component parameters (AddParameter): Name = "Power"; Value = "0,1"; VariantName = "[No Variations]"
Change component parameters (AddParameter): Name = "Temp"; Value = ""; VariantName = "[No Variations]"
Change component parameters (AddParameter): Name = "Tolerance"; Value = "1%"; VariantName = "[No Variations]"
Change component parameters (AddParameter): Name = "URL"; Value = ""; VariantName = "[No Variations]"
Change component parameters (AddParameter): Name = "Value"; Value = "47к"; VariantName = "[No Variations]"
Change component parameters (AddParameter): Name = "ValueDescription"; Value = "Резистор 0603 47кОм ±1% 0,1 Вт"; VariantName = "[No Variations]"
Change component parameters (AddParameter): Name = "ValueManufacturer"; Value = ""; VariantName = "[No Variations]"
Change component parameters (AddParameter): Name = "ValueManufacturerPartNumber"; Value = "RC0603FR-0747KL"; VariantName = "[No Variations]"
Change component parameters (AddParameter): Name = "ValueType"; Value = "Резистор"; VariantName = "[No Variations]"
Change component parameters: Designator = "VT1" ("VT1"); Footprint = "SOT-23"; UniqueID = "\FYXDTNYP" ("\FYXDTNYP")
Change component parameters (AddParameter): Name = "Case"; Value = "SOT-23"; VariantName = "[No Variations]"
Change component parameters (AddParameter): Name = "Value"; Value = "BC848B"; VariantName = "[No Variations]"
Change component parameters (AddParameter): Name = "ValueDescription"; Value = "Биполярный транзистор BC848B,215 Каталог Nexperia B.V."; VariantName = "[No Variations]"
Change component parameters (AddParameter): Name = "ValueManufacturer"; Value = "Nexperia B.V."; VariantName = "[No Variations]"
Change component parameters (AddParameter): Name = "ValueManufacturerPartNumber"; Value = "BC848B,215"; VariantName = "[No Variations]"
Change component parameters (AddParameter): Name = "ValueType"; Value = "Биполярный транзистор"; VariantName = "[No Variations]"
Change component parameters: Designator = "VT2" ("VT2"); Footprint = "SOT-23"; UniqueID = "\OFMVBZPY" ("\OFMVBZPY")
Change component parameters (AddParameter): Name = "Case"; Value = "SOT-23"; VariantName = "[No Variations]"
Change component parameters (AddParameter): Name = "Value"; Value = "BC848B"; VariantName = "[No Variations]"
Change component parameters (AddParameter): Name = "ValueDescription"; Value = "Биполярный транзистор BC848B,215 Каталог Nexperia B.V."; VariantName = "[No Variations]"
Change component parameters (AddParameter): Name = "ValueManufacturer"; Value = "Nexperia B.V."; VariantName = "[No Variations]"
Change component parameters (AddParameter): Name = "ValueManufacturerPartNumber"; Value = "BC848B,215"; VariantName = "[No Variations]"
Change component parameters (AddParameter): Name = "ValueType"; Value = "Биполярный транзистор"; VariantName = "[No Variations]"
