Removed Pin From Net: NetName=GND Pin=VT1-1
Removed Pin From Net: NetName=NetC2_1 Pin=VT1-2
Removed Pin From Net: NetName=NetC1_2 Pin=VT1-3
Removed Pin From Net: NetName=GND Pin=VT2-1
Removed Pin From Net: NetName=NetC1_1 Pin=VT2-2
Removed Pin From Net: NetName=NetC2_2 Pin=VT2-3
Change Component Footprint: Designator=VT1 Old Footprint=SOT-23 New Footprint=FP-135AN-MFG
Change Component Footprint: Designator=VT2 Old Footprint=SOT-23 New Footprint=FP-135AN-MFG
Change Component Comment : Designator=VT1 Old Comment=BC848B New Comment=NPN_BEC
Change Component Comment : Designator=VT2 Old Comment=BC848B New Comment=NPN_BEC
Change component parameters: Designator = "GB1" ("GB1"); Footprint = "CR2032-VAY3-15.2"; UniqueID = "\FYTEUIFW" ("\FYTEUIFW")
Change component parameters (AddParameter): Name = "Part Number"; Value = "CR2032-VAY3-15.2"; VariantName = "[No Variations]"
Change component parameters (AddParameter): Name = "Value"; Value = "3Ā"; VariantName = "[No Variations]"
Change component parameters (AddParameter): Name = "ValueDescription"; Value = "Įąņąšå’"; VariantName = "[No Variations]"
Change component parameters (AddParameter): Name = "ValueType"; Value = "Įąņąšå’"; VariantName = "[No Variations]"
Change component parameters (AddParameter): Name = "Ąāņīš"; Value = "rreali"; VariantName = "[No Variations]"
Change component parameters: Designator = "VT1" ("VT1"); Footprint = "SOT-23"; UniqueID = "\PQPIEAJW" ("\PQPIEAJW")
Change component parameters: Designator = "VT2" ("VT2"); Footprint = "SOT-23"; UniqueID = "\JVEQBDFT" ("\JVEQBDFT")
Added Pin To Net: NetName=NetC1_2 Pin=VT1-1
Added Pin To Net: NetName=GND Pin=VT1-2
Added Pin To Net: NetName=NetC2_1 Pin=VT1-3
Added Pin To Net: NetName=NetC2_2 Pin=VT2-1
Added Pin To Net: NetName=GND Pin=VT2-2
Added Pin To Net: NetName=NetC1_1 Pin=VT2-3
